
> frontend@0.1.0 dev
> next dev

⚠ Warning: Next.js inferred your workspace root, but it may not be correct.
 We detected multiple lockfiles and selected the directory of /Users/konstantinoslepidas/package-lock.json as the root directory.
 To silence this warning, set `turbopack.root` in your Next.js config, or consider removing one of the lockfiles if it's not needed.
   See https://nextjs.org/docs/app/api-reference/config/next-config-js/turbopack#root-directory for more information.
 Detected additional lockfiles: 
   * /Users/konstantinoslepidas/Desktop/GotchAI/frontend/package-lock.json

▲ Next.js 16.1.5 (Turbopack)
- Local:         http://localhost:3000
- Network:       http://192.168.1.6:3000

✓ Starting...
✓ Ready in 726ms
 GET / 200 in 1068ms (compile: 931ms, render: 137ms)
 GET / 200 in 40ms (compile: 9ms, render: 31ms)
✓ Compiled in 56ms
 GET / 200 in 188ms (compile: 77ms, render: 111ms)
✓ Compiled in 25ms
 GET / 200 in 206ms (compile: 79ms, render: 127ms)
 GET / 200 in 30ms (compile: 4ms, render: 25ms)
 GET / 200 in 47ms (compile: 9ms, render: 38ms)
✓ Compiled in 30ms
 GET / 200 in 217ms (compile: 86ms, render: 132ms)
 GET / 200 in 58ms (compile: 12ms, render: 46ms)
✓ Compiled in 55ms
 GET / 200 in 225ms (compile: 91ms, render: 133ms)
✓ Compiled in 40ms
 GET / 200 in 214ms (compile: 87ms, render: 127ms)
 GET / 200 in 86ms (compile: 19ms, render: 67ms)
 GET / 200 in 54ms (compile: 15ms, render: 40ms)
 GET / 200 in 44ms (compile: 9ms, render: 35ms)
 GET / 200 in 53ms (compile: 19ms, render: 34ms)
 GET / 200 in 46ms (compile: 7ms, render: 39ms)
✓ Compiled in 480ms
 GET / 200 in 200ms (compile: 78ms, render: 122ms)
 GET / 200 in 47ms (compile: 11ms, render: 36ms)
 GET / 200 in 39ms (compile: 7ms, render: 32ms)
✓ Compiled in 110ms
✓ Compiled in 634ms
✓ Compiled in 236ms
⨯ ./Desktop/GotchAI/frontend/app/page.tsx:1:10
Ecmascript file had an error
[0m[31m[1m>[22m[39m[90m 1 |[39m [36mimport[39m { useState } [36mfrom[39m [32m'react'[39m[33m;[39m
 [90m   |[39m          [31m[1m^[22m[39m[31m[1m^[22m[39m[31m[1m^[22m[39m[31m[1m^[22m[39m[31m[1m^[22m[39m[31m[1m^[22m[39m[31m[1m^[22m[39m[31m[1m^[22m[39m
 [90m 2 |[39m [36mimport[39m { useAuditStore[33m,[39m [33mTrap[39m } [36mfrom[39m [32m'@/store/auditStore'[39m[33m;[39m
 [90m 3 |[39m [36mimport[39m [33mDragDropUpload[39m [36mfrom[39m [32m'@/components/DragDropUpload'[39m[33m;[39m
 [90m 4 |[39m [36mimport[39m { clsx } [36mfrom[39m [32m'clsx'[39m[33m;[39m[0m

You're importing a component that needs `useState`. This React Hook only works in a Client Component. To fix, mark the file (or its parent) with the `"use client"` directive.

 Learn more: https://nextjs.org/docs/app/api-reference/directives/use-client





./Desktop/GotchAI/frontend/app/page.tsx:11:19
Ecmascript file had an error
[0m [90m  9 |[39m [36mimport[39m { [33mNegotiationModal[39m } [36mfrom[39m [32m'@/components/NegotiationModal'[39m[33m;[39m
 [90m 10 |[39m
[31m[1m>[22m[39m[90m 11 |[39m [36mconst[39m [33mPDFViewer[39m [33m=[39m dynamic(() [33m=>[39m [36mimport[39m([32m'@/components/PDFViewer'[39m)[33m,[39m {
 [90m    |[39m                   [31m[1m^[22m[39m[31m[1m^[22m[39m[31m[1m^[22m[39m[31m[1m^[22m[39m[31m[1m^[22m[39m[31m[1m^[22m[39m[31m[1m^[22m[39m[31m[1m^[22m[39m[31m[1m^[22m[39m[31m[1m^[22m[39m[31m[1m^[22m[39m[31m[1m^[22m[39m[31m[1m^[22m[39m[31m[1m^[22m[39m[31m[1m^[22m[39m[31m[1m^[22m[39m[31m[1m^[22m[39m[31m[1m^[22m[39m[31m[1m^[22m[39m[31m[1m^[22m[39m[31m[1m^[22m[39m[31m[1m^[22m[39m[31m[1m^[22m[39m[31m[1m^[22m[39m[31m[1m^[22m[39m[31m[1m^[22m[39m[31m[1m^[22m[39m[31m[1m^[22m[39m[31m[1m^[22m[39m[31m[1m^[22m[39m[31m[1m^[22m[39m[31m[1m^[22m[39m[31m[1m^[22m[39m[31m[1m^[22m[39m[31m[1m^[22m[39m[31m[1m^[22m[39m[31m[1m^[22m[39m[31m[1m^[22m[39m[31m[1m^[22m[39m[31m[1m^[22m[39m[31m[1m^[22m[39m[31m[1m^[22m[39m[31m[1m^[22m[39m[31m[1m^[22m[39m[31m[1m^[22m[39m[31m[1m^[22m[39m[31m[1m^[22m[39m[31m[1m^[22m[39m[31m[1m^[22m[39m
[31m[1m>[22m[39m[90m 12 |[39m   ssr[33m:[39m [36mfalse[39m[33m,[39m
 [90m    |[39m [31m[1m^[22m[39m[31m[1m^[22m[39m[31m[1m^[22m[39m[31m[1m^[22m[39m[31m[1m^[22m[39m[31m[1m^[22m[39m[31m[1m^[22m[39m[31m[1m^[22m[39m[31m[1m^[22m[39m[31m[1m^[22m[39m[31m[1m^[22m[39m[31m[1m^[22m[39m[31m[1m^[22m[39m
[31m[1m>[22m[39m[90m 13 |[39m   loading[33m:[39m () [33m=>[39m [33m<[39m[33mdiv[39m className[33m=[39m[32m"flex items-center justify-center h-full text-neutral-500"[39m[33m>[39m[33mLoading[39m [33mViewer[39m[33m...[39m[33m<[39m[33m/[39m[33mdiv[39m[33m>[39m
 [90m    |[39m [31m[1m^[22m[39m[31m[1m^[22m[39m[31m[1m^[22m[39m[31m[1m^[22m[39m[31m[1m^[22m[39m[31m[1m^[22m[39m[31m[1m^[22m[39m[31m[1m^[22m[39m[31m[1m^[22m[39m[31m[1m^[22m[39m[31m[1m^[22m[39m[31m[1m^[22m[39m[31m[1m^[22m[39m
[31m[1m>[22m[39m[90m 14 |[39m })[33m;[39m
 [90m    |[39m [31m[1m^[22m[39m[31m[1m^[22m[39m[31m[1m^[22m[39m
 [90m 15 |[39m
 [90m 16 |[39m [36mexport[39m [36mdefault[39m [36mfunction[39m [33mHome[39m() {
 [90m 17 |[39m   [36mconst[39m { file[33m,[39m analysisResult } [33m=[39m useAuditStore()[33m;[39m[0m

`ssr: false` is not allowed with `next/dynamic` in Server Components. Please move it into a Client Component.



./Desktop/GotchAI/frontend/components/PDFViewer.tsx:1:10
Ecmascript file had an error
[0m[31m[1m>[22m[39m[90m 1 |[39m [36mimport[39m { useState } [36mfrom[39m [32m'react'[39m[33m;[39m
 [90m   |[39m          [31m[1m^[22m[39m[31m[1m^[22m[39m[31m[1m^[22m[39m[31m[1m^[22m[39m[31m[1m^[22m[39m[31m[1m^[22m[39m[31m[1m^[22m[39m[31m[1m^[22m[39m
 [90m 2 |[39m [36mimport[39m { [33mDocument[39m[33m,[39m [33mPage[39m[33m,[39m pdfjs } [36mfrom[39m [32m'react-pdf'[39m[33m;[39m
 [90m 3 |[39m [36mimport[39m { useAuditStore[33m,[39m [33mTrap[39m } [36mfrom[39m [32m'@/store/auditStore'[39m[33m;[39m
 [90m 4 |[39m [36mimport[39m { clsx } [36mfrom[39m [32m'clsx'[39m[33m;[39m[0m

You're importing a component that needs `useState`. This React Hook only works in a Client Component. To fix, mark the file (or its parent) with the `"use client"` directive.

 Learn more: https://nextjs.org/docs/app/api-reference/directives/use-client



Import trace:
  Server Component:
    ./Desktop/GotchAI/frontend/components/PDFViewer.tsx
    ./Desktop/GotchAI/frontend/app/page.tsx


 GET / 500 in 262ms (compile: 174ms, render: 88ms)
✓ Compiled in 209ms
 GET / 200 in 341ms (compile: 218ms, render: 122ms)
 GET / 200 in 84ms (compile: 31ms, render: 53ms)
 GET / 200 in 86ms (compile: 31ms, render: 56ms)
 GET / 200 in 52ms (compile: 12ms, render: 40ms)
✓ Compiled in 219ms
✓ Compiled in 78ms
✓ Compiled in 48ms
✓ Compiled in 58ms
✓ Compiled in 47ms
